[debug] [2020-03-13T15:18:05.212Z] ----------------------------------------------------------------------
[debug] [2020-03-13T15:18:05.214Z] Command:       /usr/local/bin/node /usr/local/bin/firebase init
[debug] [2020-03-13T15:18:05.214Z] CLI Version:   7.15.0
[debug] [2020-03-13T15:18:05.214Z] Platform:      darwin
[debug] [2020-03-13T15:18:05.214Z] Node Version:  v10.16.3
[debug] [2020-03-13T15:18:05.215Z] Time:          Fri Mar 13 2020 16:18:05 GMT+0100 (West Africa Standard Time)
[debug] [2020-03-13T15:18:05.215Z] ----------------------------------------------------------------------
[debug] [2020-03-13T15:18:05.215Z] 
[debug] [2020-03-13T15:18:05.223Z] > command requires scopes: ["email","openid","https://www.googleapis.com/auth/cloudplatformprojects.readonly","https://www.googleapis.com/auth/firebase","https://www.googleapis.com/auth/cloud-platform"]
[debug] [2020-03-13T15:18:05.223Z] > authorizing via signed-in user
[info] 
     ######## #### ########  ######## ########     ###     ######  ########
     ##        ##  ##     ## ##       ##     ##  ##   ##  ##       ##
     ######    ##  ########  ######   ########  #########  ######  ######
     ##        ##  ##    ##  ##       ##     ## ##     ##       ## ##
     ##       #### ##     ## ######## ########  ##     ##  ######  ########

You're about to initialize a Firebase project in this directory:

  /Users/software/Desktop/Cloud Build Tutorial/angular-cloudbuild

Before we get started, keep in mind:

  * You are initializing in an existing Firebase project directory

[info] 
=== Project Setup
[info] 
[info] First, let's associate this project directory with a Firebase project.
[info] You can create multiple project aliases by running firebase use --add, 
[info] but for now we'll just set up a default project.
[info] 
[info] i  .firebaserc already has a default project, using try-cloud-sql-149700.
[debug] [2020-03-13T15:18:07.710Z] >>> HTTP REQUEST GET https://firebase.googleapis.com/v1beta1/projects/try-cloud-sql-149700  
 
[debug] [2020-03-13T15:18:08.364Z] <<< HTTP RESPONSE 200
[info] 
=== Hosting Setup
[info] 
[info] Your public directory is the folder (relative to your project directory) that
[info] will contain Hosting assets to be uploaded with firebase deploy. If you
[info] have a build process for your assets, use your build's output directory.
[info] 
[debug] [2020-03-13T17:33:14.417Z] Error: write EIO
    at WriteWrap.afterWrite [as oncomplete] (net.js:788:14)
[error] 
[error] Error: An unexpected error has occurred.
[debug] [2020-03-13T17:33:14.423Z] TypeError: Cannot read property 'setRawMode' of null
    at ReadStream.setRawMode (tty.js:69:28)
    at Interface._setRawMode (readline.js:269:16)
    at Interface.close (readline.js:394:10)
    at ReadStream.ontermend (readline.js:180:10)
    at ReadStream.emit (events.js:203:15)
    at ReadStream.EventEmitter.emit (domain.js:448:20)
    at endReadableNT (_stream_readable.js:1145:12)
    at process._tickCallback (internal/process/next_tick.js:63:19)
[error] 
[error] Error: An unexpected error has occurred.
